<?xml version="1.0" encoding="UTF-8"?>
<testsuite xmlns:xsi="http://www.w3.org/2001/XMLSchema-instance" xsi:schemaLocation="https://maven.apache.org/surefire/maven-surefire-plugin/xsd/surefire-test-report.xsd" name="TestSuite" time="63.652" tests="2" errors="0" skipped="0" failures="0">
  <properties>
[...]
</properties>
  <testcase name="testTC_01" classname="com.appname.functionaltests.SC_001" time="0.53"/>
  <testcase name="testTC_024" classname="com.appname.functionaltests.SC_005" time="1.201"/>
</testsuite>